[debug] [2021-09-03T18:41:01.122Z] ----------------------------------------------------------------------
[debug] [2021-09-03T18:41:01.134Z] Command:       C:\Program Files\nodejs\node.exe C:\Users\vamsi\AppData\Roaming\npm\node_modules\firebase-tools\lib\bin\firebase.js init
[debug] [2021-09-03T18:41:01.136Z] CLI Version:   9.17.0
[debug] [2021-09-03T18:41:01.136Z] Platform:      win32
[debug] [2021-09-03T18:41:01.137Z] Node Version:  v14.17.3
[debug] [2021-09-03T18:41:01.145Z] Time:          Sat Sep 04 2021 00:11:01 GMT+0530 (India Standard Time)
[debug] [2021-09-03T18:41:01.145Z] ----------------------------------------------------------------------
[debug] 
[debug] [2021-09-03T18:41:02.482Z] > command requires scopes: ["email","openid","https://www.googleapis.com/auth/cloudplatformprojects.readonly","https://www.googleapis.com/auth/firebase","https://www.googleapis.com/auth/cloud-platform"]
[debug] [2021-09-03T18:41:02.483Z] > authorizing via signed-in user (vamsipakki22@gmail.com)
[info] 
     ######## #### ########  ######## ########     ###     ######  ########
     ##        ##  ##     ## ##       ##     ##  ##   ##  ##       ##
     ######    ##  ########  ######   ########  #########  ######  ######
     ##        ##  ##    ##  ##       ##     ## ##     ##       ## ##
     ##       #### ##     ## ######## ########  ##     ##  ######  ########

You're about to initialize a Firebase project in this directory:

  F:\CSE\WEB DEVELOPMENT\Projects\flow1-app

Before we get started, keep in mind:

  * You are initializing within an existing Firebase project directory

